[INFO] [12:39:58.711] [JavaFX Application Thread] [] com.zzg.mybatis.generator.util.ConnectionManager.getConnection:20 --> database FilePath :C:\Users\Administrator\Desktop\native\mybatis-generator-gui-0.8.8-SNAPSHOT\app\.\config\sqlite3.db
[INFO] [12:40:21.290] [JavaFX Application Thread] [] com.zzg.mybatis.generator.util.ConnectionManager.getConnection:20 --> database FilePath :C:\Users\Administrator\Desktop\native\mybatis-generator-gui-0.8.8-SNAPSHOT\app\.\config\sqlite3.db
[INFO] [12:40:47.515] [JavaFX Application Thread] [] com.zzg.mybatis.generator.util.ConfigHelper.getAllJDBCDriverJarPaths:238 --> jar lib path: C:\Users\Administrator\Desktop\native\mybatis-generator-gui-0.8.8-SNAPSHOT\app\lib
[INFO] [12:40:47.518] [JavaFX Application Thread] [] com.zzg.mybatis.generator.util.ConfigHelper.getAllJDBCDriverJarPaths:242 --> jar file: C:\Users\Administrator\Desktop\native\mybatis-generator-gui-0.8.8-SNAPSHOT\app\lib\commons-beanutils-1.9.2.jar
[INFO] [12:40:47.519] [JavaFX Application Thread] [] com.zzg.mybatis.generator.util.ConfigHelper.getAllJDBCDriverJarPaths:242 --> jar file: C:\Users\Administrator\Desktop\native\mybatis-generator-gui-0.8.8-SNAPSHOT\app\lib\commons-collections-3.2.1.jar
[INFO] [12:40:47.520] [JavaFX Application Thread] [] com.zzg.mybatis.generator.util.ConfigHelper.getAllJDBCDriverJarPaths:242 --> jar file: C:\Users\Administrator\Desktop\native\mybatis-generator-gui-0.8.8-SNAPSHOT\app\lib\commons-io-2.5.jar
[INFO] [12:40:47.520] [JavaFX Application Thread] [] com.zzg.mybatis.generator.util.ConfigHelper.getAllJDBCDriverJarPaths:242 --> jar file: C:\Users\Administrator\Desktop\native\mybatis-generator-gui-0.8.8-SNAPSHOT\app\lib\commons-lang3-3.4.jar
[INFO] [12:40:47.520] [JavaFX Application Thread] [] com.zzg.mybatis.generator.util.ConfigHelper.getAllJDBCDriverJarPaths:242 --> jar file: C:\Users\Administrator\Desktop\native\mybatis-generator-gui-0.8.8-SNAPSHOT\app\lib\commons-logging-1.1.1.jar
[INFO] [12:40:47.521] [JavaFX Application Thread] [] com.zzg.mybatis.generator.util.ConfigHelper.getAllJDBCDriverJarPaths:242 --> jar file: C:\Users\Administrator\Desktop\native\mybatis-generator-gui-0.8.8-SNAPSHOT\app\lib\fastjson-1.2.7.jar
[INFO] [12:40:47.522] [JavaFX Application Thread] [] com.zzg.mybatis.generator.util.ConfigHelper.getAllJDBCDriverJarPaths:242 --> jar file: C:\Users\Administrator\Desktop\native\mybatis-generator-gui-0.8.8-SNAPSHOT\app\lib\hamcrest-core-1.3.jar
[INFO] [12:40:47.522] [JavaFX Application Thread] [] com.zzg.mybatis.generator.util.ConfigHelper.getAllJDBCDriverJarPaths:242 --> jar file: C:\Users\Administrator\Desktop\native\mybatis-generator-gui-0.8.8-SNAPSHOT\app\lib\jsch-0.1.54.jar
[INFO] [12:40:47.523] [JavaFX Application Thread] [] com.zzg.mybatis.generator.util.ConfigHelper.getAllJDBCDriverJarPaths:242 --> jar file: C:\Users\Administrator\Desktop\native\mybatis-generator-gui-0.8.8-SNAPSHOT\app\lib\junit-4.12.jar
[INFO] [12:40:47.523] [JavaFX Application Thread] [] com.zzg.mybatis.generator.util.ConfigHelper.getAllJDBCDriverJarPaths:242 --> jar file: C:\Users\Administrator\Desktop\native\mybatis-generator-gui-0.8.8-SNAPSHOT\app\lib\logback-classic-1.1.2.jar
[INFO] [12:40:47.523] [JavaFX Application Thread] [] com.zzg.mybatis.generator.util.ConfigHelper.getAllJDBCDriverJarPaths:242 --> jar file: C:\Users\Administrator\Desktop\native\mybatis-generator-gui-0.8.8-SNAPSHOT\app\lib\logback-core-1.1.2.jar
[INFO] [12:40:47.524] [JavaFX Application Thread] [] com.zzg.mybatis.generator.util.ConfigHelper.getAllJDBCDriverJarPaths:242 --> jar file: C:\Users\Administrator\Desktop\native\mybatis-generator-gui-0.8.8-SNAPSHOT\app\lib\mybatis-generator-core-1.3.6.jar
[INFO] [12:40:47.524] [JavaFX Application Thread] [] com.zzg.mybatis.generator.util.ConfigHelper.getAllJDBCDriverJarPaths:242 --> jar file: C:\Users\Administrator\Desktop\native\mybatis-generator-gui-0.8.8-SNAPSHOT\app\lib\mysql-connector-java-5.1.38.jar
[INFO] [12:40:47.525] [JavaFX Application Thread] [] com.zzg.mybatis.generator.util.ConfigHelper.getAllJDBCDriverJarPaths:242 --> jar file: C:\Users\Administrator\Desktop\native\mybatis-generator-gui-0.8.8-SNAPSHOT\app\lib\mysql-connector-java-8.0.11.jar
[INFO] [12:40:47.526] [JavaFX Application Thread] [] com.zzg.mybatis.generator.util.ConfigHelper.getAllJDBCDriverJarPaths:242 --> jar file: C:\Users\Administrator\Desktop\native\mybatis-generator-gui-0.8.8-SNAPSHOT\app\lib\ojdbc6.jar
[INFO] [12:40:47.526] [JavaFX Application Thread] [] com.zzg.mybatis.generator.util.ConfigHelper.getAllJDBCDriverJarPaths:242 --> jar file: C:\Users\Administrator\Desktop\native\mybatis-generator-gui-0.8.8-SNAPSHOT\app\lib\postgresql-9.4.1209.jar
[INFO] [12:40:47.527] [JavaFX Application Thread] [] com.zzg.mybatis.generator.util.ConfigHelper.getAllJDBCDriverJarPaths:242 --> jar file: C:\Users\Administrator\Desktop\native\mybatis-generator-gui-0.8.8-SNAPSHOT\app\lib\slf4j-api-1.7.25.jar
[INFO] [12:40:47.527] [JavaFX Application Thread] [] com.zzg.mybatis.generator.util.ConfigHelper.getAllJDBCDriverJarPaths:242 --> jar file: C:\Users\Administrator\Desktop\native\mybatis-generator-gui-0.8.8-SNAPSHOT\app\lib\sqlite-jdbc-3.19.3.jar
[INFO] [12:40:47.527] [JavaFX Application Thread] [] com.zzg.mybatis.generator.util.ConfigHelper.getAllJDBCDriverJarPaths:242 --> jar file: C:\Users\Administrator\Desktop\native\mybatis-generator-gui-0.8.8-SNAPSHOT\app\lib\sqlite-jdbc-3.8.11.2.jar
[INFO] [12:40:47.528] [JavaFX Application Thread] [] com.zzg.mybatis.generator.util.ConfigHelper.getAllJDBCDriverJarPaths:242 --> jar file: C:\Users\Administrator\Desktop\native\mybatis-generator-gui-0.8.8-SNAPSHOT\app\lib\sqljdbc4-4.0.jar
[INFO] [12:40:47.538] [JavaFX Application Thread] [] com.zzg.mybatis.generator.util.DbUtil.loadDbDriver:222 --> load driver class: com.mysql.jdbc.Driver@66a6a64
[INFO] [12:40:47.539] [JavaFX Application Thread] [] com.zzg.mybatis.generator.util.DbUtil.getConnectionUrlWithSchema:208 --> getConnectionUrlWithSchema, connection url: jdbc:mysql://127.0.0.1:3306/mis?useUnicode=true&useSSL=false&characterEncoding=utf8
[INFO] [12:40:47.780] [JavaFX Application Thread] [] com.zzg.mybatis.generator.util.DbUtil.getConnection:133 --> getConnection, connection url: com.mysql.jdbc.JDBC4Connection@51e1bd43
[INFO] [12:40:49.527] [JavaFX Application Thread] [] com.zzg.mybatis.generator.util.ConnectionManager.getConnection:20 --> database FilePath :C:\Users\Administrator\Desktop\native\mybatis-generator-gui-0.8.8-SNAPSHOT\app\.\config\sqlite3.db
[INFO] [12:40:49.622] [JavaFX Application Thread] [] com.zzg.mybatis.generator.util.ConnectionManager.getConnection:20 --> database FilePath :C:\Users\Administrator\Desktop\native\mybatis-generator-gui-0.8.8-SNAPSHOT\app\.\config\sqlite3.db
[INFO] [12:40:51.106] [JavaFX Application Thread] [] com.zzg.mybatis.generator.util.DbUtil.getConnectionUrlWithSchema:208 --> getConnectionUrlWithSchema, connection url: jdbc:mysql://127.0.0.1:3306/mis?useUnicode=true&useSSL=false&characterEncoding=utf8
[INFO] [12:40:51.113] [JavaFX Application Thread] [] com.zzg.mybatis.generator.util.DbUtil.getConnection:133 --> getConnection, connection url: com.mysql.jdbc.JDBC4Connection@7c38a725
[INFO] [12:41:09.635] [JavaFX Application Thread] [] com.zzg.mybatis.generator.util.ConnectionManager.getConnection:20 --> database FilePath :C:\Users\Administrator\Desktop\native\mybatis-generator-gui-0.8.8-SNAPSHOT\app\.\config\sqlite3.db
[INFO] [12:41:16.194] [JavaFX Application Thread] [] com.zzg.mybatis.generator.util.ConnectionManager.getConnection:20 --> database FilePath :C:\Users\Administrator\Desktop\native\mybatis-generator-gui-0.8.8-SNAPSHOT\app\.\config\sqlite3.db
